Change component parameters: Designator = "C1" ("C1"); Footprint = "WCAP-CSGP_0603_Reflow"; UniqueID = "\QBSAQECK" ("\QBSAQECK")
Change component parameters (AddParameter): Name = "Capacitance"; Value = "100nF"; VariantName = "[No Variations]"
Change component parameters (AddParameter): Name = "Capacitance Tolerance"; Value = "+/-10%"; VariantName = "[No Variations]"
Change component parameters (AddParameter): Name = "Ceramic Type"; Value = "X7R"; VariantName = "[No Variations]"
Change component parameters (AddParameter): Name = "ComponentLink1Description"; Value = "Manufacturer"; VariantName = "[No Variations]"
Change component parameters (AddParameter): Name = "ComponentLink1URL"; Value = "http://www.we-online.de"; VariantName = "[No Variations]"
Change component parameters (AddParameter): Name = "ComponentLink2Description"; Value = "Datasheet"; VariantName = "[No Variations]"
Change component parameters (AddParameter): Name = "ComponentLink2URL"; Value = "https://katalog.we-online.com/pbs/datasheet/885012206020.pdf"; VariantName = "[No Variations]"
Change component parameters (AddParameter): Name = "Dissipation Factor"; Value = "=<5%"; VariantName = "[No Variations]"
Change component parameters (AddParameter): Name = "Height"; Value = "0.8mm +/-0.07mm"; VariantName = "[No Variations]"
Change component parameters (AddParameter): Name = "Isolation Resistance"; Value = ">=5GOhm"; VariantName = "[No Variations]"
Change component parameters (AddParameter): Name = "Mounting Technology"; Value = "SMD"; VariantName = "[No Variations]"
Change component parameters (AddParameter): Name = "Operating Temperature"; Value = "-55 to +125degC"; VariantName = "[No Variations]"
Change component parameters (AddParameter): Name = "Packaging"; Value = "Tape and Reel"; VariantName = "[No Variations]"
Change component parameters (AddParameter): Name = "Part Number"; Value = "885012206020"; VariantName = "[No Variations]"
Change component parameters (AddParameter): Name = "Published Date"; Value = "August 2019"; VariantName = "[No Variations]"
Change component parameters (AddParameter): Name = "Publisher"; Value = "Wurth Elektronik"; VariantName = "[No Variations]"
Change component parameters (AddParameter): Name = "Rated Voltage"; Value = "10VDC"; VariantName = "[No Variations]"
Change component parameters (AddParameter): Name = "Size"; Value = "0603"; VariantName = "[No Variations]"
Change component parameters (AddParameter): Name = "Technical Reference"; Value = "X7R0603104K010DFCT10000"; VariantName = "[No Variations]"
Change component parameters: Designator = "C2" ("C2"); Footprint = "WCAP-CSGP_0603_Reflow"; UniqueID = "\TCISWPNY" ("\TCISWPNY")
Change component parameters (AddParameter): Name = "Capacitance"; Value = "100nF"; VariantName = "[No Variations]"
Change component parameters (AddParameter): Name = "Capacitance Tolerance"; Value = "+/-10%"; VariantName = "[No Variations]"
Change component parameters (AddParameter): Name = "Ceramic Type"; Value = "X7R"; VariantName = "[No Variations]"
Change component parameters (AddParameter): Name = "ComponentLink1Description"; Value = "Manufacturer"; VariantName = "[No Variations]"
Change component parameters (AddParameter): Name = "ComponentLink1URL"; Value = "http://www.we-online.de"; VariantName = "[No Variations]"
Change component parameters (AddParameter): Name = "ComponentLink2Description"; Value = "Datasheet"; VariantName = "[No Variations]"
Change component parameters (AddParameter): Name = "ComponentLink2URL"; Value = "https://katalog.we-online.com/pbs/datasheet/885012206020.pdf"; VariantName = "[No Variations]"
Change component parameters (AddParameter): Name = "Dissipation Factor"; Value = "=<5%"; VariantName = "[No Variations]"
Change component parameters (AddParameter): Name = "Height"; Value = "0.8mm +/-0.07mm"; VariantName = "[No Variations]"
Change component parameters (AddParameter): Name = "Isolation Resistance"; Value = ">=5GOhm"; VariantName = "[No Variations]"
Change component parameters (AddParameter): Name = "Mounting Technology"; Value = "SMD"; VariantName = "[No Variations]"
Change component parameters (AddParameter): Name = "Operating Temperature"; Value = "-55 to +125degC"; VariantName = "[No Variations]"
Change component parameters (AddParameter): Name = "Packaging"; Value = "Tape and Reel"; VariantName = "[No Variations]"
Change component parameters (AddParameter): Name = "Part Number"; Value = "885012206020"; VariantName = "[No Variations]"
Change component parameters (AddParameter): Name = "Published Date"; Value = "August 2019"; VariantName = "[No Variations]"
Change component parameters (AddParameter): Name = "Publisher"; Value = "Wurth Elektronik"; VariantName = "[No Variations]"
Change component parameters (AddParameter): Name = "Rated Voltage"; Value = "10VDC"; VariantName = "[No Variations]"
Change component parameters (AddParameter): Name = "Size"; Value = "0603"; VariantName = "[No Variations]"
Change component parameters (AddParameter): Name = "Technical Reference"; Value = "X7R0603104K010DFCT10000"; VariantName = "[No Variations]"
Change component parameters: Designator = "C3" ("C3"); Footprint = "WCAP-CSGP_0603_Reflow"; UniqueID = "\HYTSJRGX" ("\HYTSJRGX")
Change component parameters (AddParameter): Name = "Capacitance"; Value = "100nF"; VariantName = "[No Variations]"
Change component parameters (AddParameter): Name = "Capacitance Tolerance"; Value = "+/-10%"; VariantName = "[No Variations]"
Change component parameters (AddParameter): Name = "Ceramic Type"; Value = "X7R"; VariantName = "[No Variations]"
Change component parameters (AddParameter): Name = "ComponentLink1Description"; Value = "Manufacturer"; VariantName = "[No Variations]"
Change component parameters (AddParameter): Name = "ComponentLink1URL"; Value = "http://www.we-online.de"; VariantName = "[No Variations]"
Change component parameters (AddParameter): Name = "ComponentLink2Description"; Value = "Datasheet"; VariantName = "[No Variations]"
Change component parameters (AddParameter): Name = "ComponentLink2URL"; Value = "https://katalog.we-online.com/pbs/datasheet/885012206020.pdf"; VariantName = "[No Variations]"
Change component parameters (AddParameter): Name = "Dissipation Factor"; Value = "=<5%"; VariantName = "[No Variations]"
Change component parameters (AddParameter): Name = "Height"; Value = "0.8mm +/-0.07mm"; VariantName = "[No Variations]"
Change component parameters (AddParameter): Name = "Isolation Resistance"; Value = ">=5GOhm"; VariantName = "[No Variations]"
Change component parameters (AddParameter): Name = "Mounting Technology"; Value = "SMD"; VariantName = "[No Variations]"
Change component parameters (AddParameter): Name = "Operating Temperature"; Value = "-55 to +125degC"; VariantName = "[No Variations]"
Change component parameters (AddParameter): Name = "Packaging"; Value = "Tape and Reel"; VariantName = "[No Variations]"
Change component parameters (AddParameter): Name = "Part Number"; Value = "885012206020"; VariantName = "[No Variations]"
Change component parameters (AddParameter): Name = "Published Date"; Value = "August 2019"; VariantName = "[No Variations]"
Change component parameters (AddParameter): Name = "Publisher"; Value = "Wurth Elektronik"; VariantName = "[No Variations]"
Change component parameters (AddParameter): Name = "Rated Voltage"; Value = "10VDC"; VariantName = "[No Variations]"
Change component parameters (AddParameter): Name = "Size"; Value = "0603"; VariantName = "[No Variations]"
Change component parameters (AddParameter): Name = "Technical Reference"; Value = "X7R0603104K010DFCT10000"; VariantName = "[No Variations]"
Change component parameters: Designator = "C6" ("C6"); Footprint = "WCAP-CSGP_0603_Reflow"; UniqueID = "\FXIADADS" ("\FXIADADS")
Change component parameters (AddParameter): Name = "Capacitance"; Value = "100nF"; VariantName = "[No Variations]"
Change component parameters (AddParameter): Name = "Capacitance Tolerance"; Value = "+/-10%"; VariantName = "[No Variations]"
Change component parameters (AddParameter): Name = "Ceramic Type"; Value = "X7R"; VariantName = "[No Variations]"
Change component parameters (AddParameter): Name = "ComponentLink1Description"; Value = "Manufacturer"; VariantName = "[No Variations]"
Change component parameters (AddParameter): Name = "ComponentLink1URL"; Value = "http://www.we-online.de"; VariantName = "[No Variations]"
Change component parameters (AddParameter): Name = "ComponentLink2Description"; Value = "Datasheet"; VariantName = "[No Variations]"
Change component parameters (AddParameter): Name = "ComponentLink2URL"; Value = "https://katalog.we-online.com/pbs/datasheet/885012206020.pdf"; VariantName = "[No Variations]"
Change component parameters (AddParameter): Name = "Dissipation Factor"; Value = "=<5%"; VariantName = "[No Variations]"
Change component parameters (AddParameter): Name = "Height"; Value = "0.8mm +/-0.07mm"; VariantName = "[No Variations]"
Change component parameters (AddParameter): Name = "Isolation Resistance"; Value = ">=5GOhm"; VariantName = "[No Variations]"
Change component parameters (AddParameter): Name = "Mounting Technology"; Value = "SMD"; VariantName = "[No Variations]"
Change component parameters (AddParameter): Name = "Operating Temperature"; Value = "-55 to +125degC"; VariantName = "[No Variations]"
Change component parameters (AddParameter): Name = "Packaging"; Value = "Tape and Reel"; VariantName = "[No Variations]"
Change component parameters (AddParameter): Name = "Part Number"; Value = "885012206020"; VariantName = "[No Variations]"
Change component parameters (AddParameter): Name = "Published Date"; Value = "August 2019"; VariantName = "[No Variations]"
Change component parameters (AddParameter): Name = "Publisher"; Value = "Wurth Elektronik"; VariantName = "[No Variations]"
Change component parameters (AddParameter): Name = "Rated Voltage"; Value = "10VDC"; VariantName = "[No Variations]"
Change component parameters (AddParameter): Name = "Size"; Value = "0603"; VariantName = "[No Variations]"
Change component parameters (AddParameter): Name = "Technical Reference"; Value = "X7R0603104K010DFCT10000"; VariantName = "[No Variations]"
Change component parameters: Designator = "C7" ("C7"); Footprint = "WCAP-CSGP_0603_Reflow"; UniqueID = "\CHFOAURO" ("\CHFOAURO")
Change component parameters (AddParameter): Name = "Capacitance"; Value = "100nF"; VariantName = "[No Variations]"
Change component parameters (AddParameter): Name = "Capacitance Tolerance"; Value = "+/-10%"; VariantName = "[No Variations]"
Change component parameters (AddParameter): Name = "Ceramic Type"; Value = "X7R"; VariantName = "[No Variations]"
Change component parameters (AddParameter): Name = "ComponentLink1Description"; Value = "Manufacturer"; VariantName = "[No Variations]"
Change component parameters (AddParameter): Name = "ComponentLink1URL"; Value = "http://www.we-online.de"; VariantName = "[No Variations]"
Change component parameters (AddParameter): Name = "ComponentLink2Description"; Value = "Datasheet"; VariantName = "[No Variations]"
Change component parameters (AddParameter): Name = "ComponentLink2URL"; Value = "https://katalog.we-online.com/pbs/datasheet/885012206020.pdf"; VariantName = "[No Variations]"
Change component parameters (AddParameter): Name = "Dissipation Factor"; Value = "=<5%"; VariantName = "[No Variations]"
Change component parameters (AddParameter): Name = "Height"; Value = "0.8mm +/-0.07mm"; VariantName = "[No Variations]"
Change component parameters (AddParameter): Name = "Isolation Resistance"; Value = ">=5GOhm"; VariantName = "[No Variations]"
Change component parameters (AddParameter): Name = "Mounting Technology"; Value = "SMD"; VariantName = "[No Variations]"
Change component parameters (AddParameter): Name = "Operating Temperature"; Value = "-55 to +125degC"; VariantName = "[No Variations]"
Change component parameters (AddParameter): Name = "Packaging"; Value = "Tape and Reel"; VariantName = "[No Variations]"
Change component parameters (AddParameter): Name = "Part Number"; Value = "885012206020"; VariantName = "[No Variations]"
Change component parameters (AddParameter): Name = "Published Date"; Value = "August 2019"; VariantName = "[No Variations]"
Change component parameters (AddParameter): Name = "Publisher"; Value = "Wurth Elektronik"; VariantName = "[No Variations]"
Change component parameters (AddParameter): Name = "Rated Voltage"; Value = "10VDC"; VariantName = "[No Variations]"
Change component parameters (AddParameter): Name = "Size"; Value = "0603"; VariantName = "[No Variations]"
Change component parameters (AddParameter): Name = "Technical Reference"; Value = "X7R0603104K010DFCT10000"; VariantName = "[No Variations]"
Added Pin To Net: NetName=NetC5_1 Pin=U2-6
Change Net Name : Old Net Name=NetC5_1 New Net Name=NetU1_5
Added Room: Name=Main
